<?xml version="1.0" encoding="UTF-8"?>
<!-- Generated by org.testng.reporters.JUnitReportReporter -->
<testsuite hostname="DESKTOP-S3IJ0AS" failures="0" tests="2" name="com.testCases.DashBoardPageTest" time="5.036" errors="0" timestamp="2020-07-04T01:01:20 IST" skipped="0">
  <testcase classname="com.testCases.DashBoardPageTest" name="verifyLogout" time="2.232"/>
  <testcase classname="com.testCases.DashBoardPageTest" name="verifyLogin" time="2.804"/>
</testsuite> <!-- com.testCases.DashBoardPageTest -->
